# JRE version: OpenJDK Runtime Environment (8.0_152-b02) (build 1.8.0_152-release-1024-b02)
# Java VM: OpenJDK 64-Bit Server VM (25.152-b02 mixed mode windows-amd64 compressed oops)
Heap:
 PSYoungGen      total 499200K, used 341672K [0x00000000e0000000, 0x00000000ffe80000, 0x0000000100000000)
  eden space 474624K, 69% used [0x00000000e0000000,0x00000000f42b7708,0x00000000fcf80000)
  from space 24576K, 45% used [0x00000000fcf80000,0x00000000fda72b68,0x00000000fe780000)
  to   space 23552K, 0% used [0x00000000fe780000,0x00000000fe780000,0x00000000ffe80000)
 ParOldGen       total 157184K, used 66588K [0x00000000a0000000, 0x00000000a9980000, 0x00000000e0000000)
  object space 157184K, 42% used [0x00000000a0000000,0x00000000a41073d0,0x00000000a9980000)
 Metaspace       used 92137K, capacity 97262K, committed 97368K, reserved 1134592K
  class space    used 11598K, capacity 12640K, committed 12672K, reserved 1048576K
GC Heap History (10 events):
Event: 377.604 GC heap before
{Heap before GC invocations=22 (full 3):
 PSYoungGen      total 451584K, used 444959K [0x00000000e0000000, 0x00000000fda80000, 0x0000000100000000)
  eden space 433664K, 99% used [0x00000000e0000000,0x00000000fa769cb0,0x00000000fa780000)
  from space 17920K, 63% used [0x00000000fc900000,0x00000000fd41e1d8,0x00000000fda80000)
  to   space 26112K, 0% used [0x00000000fa780000,0x00000000fa780000,0x00000000fc100000)
 ParOldGen       total 157184K, used 61894K [0x00000000a0000000, 0x00000000a9980000, 0x00000000e0000000)
  object space 157184K, 39% used [0x00000000a0000000,0x00000000a3c71830,0x00000000a9980000)
 Metaspace       used 88092K, capacity 92274K, committed 92504K, reserved 1130496K
  class space    used 11255K, capacity 12140K, committed 12160K, reserved 1048576K
Event: 377.625 GC heap after
Heap after GC invocations=22 (full 3):
 PSYoungGen      total 459776K, used 4970K [0x00000000e0000000, 0x0000000100000000, 0x0000000100000000)
  eden space 433664K, 0% used [0x00000000e0000000,0x00000000e0000000,0x00000000fa780000)
  from space 26112K, 19% used [0x00000000fa780000,0x00000000fac5aa20,0x00000000fc100000)
  to   space 25600K, 0% used [0x00000000fe700000,0x00000000fe700000,0x0000000100000000)
 ParOldGen       total 157184K, used 64119K [0x00000000a0000000, 0x00000000a9980000, 0x00000000e0000000)
  object space 157184K, 40% used [0x00000000a0000000,0x00000000a3e9de00,0x00000000a9980000)
 Metaspace       used 88092K, capacity 92274K, committed 92504K, reserved 1130496K
  class space    used 11255K, capacity 12140K, committed 12160K, reserved 1048576K
}
Event: 658.810 GC heap before
{Heap before GC invocations=23 (full 3):
 PSYoungGen      total 459776K, used 438625K [0x00000000e0000000, 0x0000000100000000, 0x0000000100000000)
  eden space 433664K, 99% used [0x00000000e0000000,0x00000000fa77dbe8,0x00000000fa780000)
  from space 26112K, 19% used [0x00000000fa780000,0x00000000fac5aa20,0x00000000fc100000)
  to   space 25600K, 0% used [0x00000000fe700000,0x00000000fe700000,0x0000000100000000)
 ParOldGen       total 157184K, used 64119K [0x00000000a0000000, 0x00000000a9980000, 0x00000000e0000000)
  object space 157184K, 40% used [0x00000000a0000000,0x00000000a3e9de00,0x00000000a9980000)
 Metaspace       used 89716K, capacity 94160K, committed 94296K, reserved 1130496K
  class space    used 11426K, capacity 12313K, committed 12416K, reserved 1048576K
Event: 658.830 GC heap after
Heap after GC invocations=23 (full 3):
 PSYoungGen      total 496640K, used 7601K [0x00000000e0000000, 0x00000000ffe80000, 0x0000000100000000)
  eden space 472576K, 0% used [0x00000000e0000000,0x00000000e0000000,0x00000000fcd80000)
  from space 24064K, 31% used [0x00000000fe700000,0x00000000fee6c7f8,0x00000000ffe80000)
  to   space 25088K, 0% used [0x00000000fcd80000,0x00000000fcd80000,0x00000000fe600000)
 ParOldGen       total 157184K, used 64855K [0x00000000a0000000, 0x00000000a9980000, 0x00000000e0000000)
  object space 157184K, 41% used [0x00000000a0000000,0x00000000a3f55ea0,0x00000000a9980000)
 Metaspace       used 89716K, capacity 94160K, committed 94296K, reserved 1130496K
  class space    used 11426K, capacity 12313K, committed 12416K, reserved 1048576K
}
Event: 1265.497 GC heap before
{Heap before GC invocations=24 (full 3):
 PSYoungGen      total 496640K, used 479695K [0x00000000e0000000, 0x00000000ffe80000, 0x0000000100000000)
  eden space 472576K, 99% used [0x00000000e0000000,0x00000000fcd077c0,0x00000000fcd80000)
  from space 24064K, 31% used [0x00000000fe700000,0x00000000fee6c7f8,0x00000000ffe80000)
  to   space 25088K, 0% used [0x00000000fcd80000,0x00000000fcd80000,0x00000000fe600000)
 ParOldGen       total 157184K, used 64855K [0x00000000a0000000, 0x00000000a9980000, 0x00000000e0000000)
  object space 157184K, 41% used [0x00000000a0000000,0x00000000a3f55ea0,0x00000000a9980000)
 Metaspace       used 90668K, capacity 95224K, committed 95448K, reserved 1132544K
  class space    used 11492K, capacity 12423K, committed 12544K, reserved 1048576K
Event: 1265.518 GC heap after
Heap after GC invocations=24 (full 3):
 PSYoungGen      total 497664K, used 7425K [0x00000000e0000000, 0x0000000100000000, 0x0000000100000000)
  eden space 472576K, 0% used [0x00000000e0000000,0x00000000e0000000,0x00000000fcd80000)
  from space 25088K, 29% used [0x00000000fcd80000,0x00000000fd4c0528,0x00000000fe600000)
  to   space 24576K, 0% used [0x00000000fe800000,0x00000000fe800000,0x0000000100000000)
 ParOldGen       total 157184K, used 65748K [0x00000000a0000000, 0x00000000a9980000, 0x00000000e0000000)
  object space 157184K, 41% used [0x00000000a0000000,0x00000000a4035370,0x00000000a9980000)
 Metaspace       used 90668K, capacity 95224K, committed 95448K, reserved 1132544K
  class space    used 11492K, capacity 12423K, committed 12544K, reserved 1048576K
}
Event: 1449.763 GC heap before
{Heap before GC invocations=25 (full 3):
 PSYoungGen      total 497664K, used 480001K [0x00000000e0000000, 0x0000000100000000, 0x0000000100000000)
  eden space 472576K, 100% used [0x00000000e0000000,0x00000000fcd80000,0x00000000fcd80000)
  from space 25088K, 29% used [0x00000000fcd80000,0x00000000fd4c0528,0x00000000fe600000)
  to   space 24576K, 0% used [0x00000000fe800000,0x00000000fe800000,0x0000000100000000)
 ParOldGen       total 157184K, used 65748K [0x00000000a0000000, 0x00000000a9980000, 0x00000000e0000000)
  object space 157184K, 41% used [0x00000000a0000000,0x00000000a4035370,0x00000000a9980000)
 Metaspace       used 91591K, capacity 96394K, committed 96600K, reserved 1132544K
  class space    used 11565K, capacity 12582K, committed 12672K, reserved 1048576K
Event: 1449.843 GC heap after
Heap after GC invocations=25 (full 3):
 PSYoungGen      total 498688K, used 15303K [0x00000000e0000000, 0x00000000fff80000, 0x0000000100000000)
  eden space 474624K, 0% used [0x00000000e0000000,0x00000000e0000000,0x00000000fcf80000)
  from space 24064K, 63% used [0x00000000fe800000,0x00000000ff6f1c98,0x00000000fff80000)
  to   space 24576K, 0% used [0x00000000fcf80000,0x00000000fcf80000,0x00000000fe780000)
 ParOldGen       total 157184K, used 66580K [0x00000000a0000000, 0x00000000a9980000, 0x00000000e0000000)
  object space 157184K, 42% used [0x00000000a0000000,0x00000000a41053d0,0x00000000a9980000)
 Metaspace       used 91591K, capacity 96394K, committed 96600K, reserved 1132544K
  class space    used 11565K, capacity 12582K, committed 12672K, reserved 1048576K
}
Event: 1510.433 GC heap before
{Heap before GC invocations=26 (full 3):
 PSYoungGen      total 498688K, used 488997K [0x00000000e0000000, 0x00000000fff80000, 0x0000000100000000)
  eden space 474624K, 99% used [0x00000000e0000000,0x00000000fce978b0,0x00000000fcf80000)
  from space 24064K, 63% used [0x00000000fe800000,0x00000000ff6f1c98,0x00000000fff80000)
  to   space 24576K, 0% used [0x00000000fcf80000,0x00000000fcf80000,0x00000000fe780000)
 ParOldGen       total 157184K, used 66580K [0x00000000a0000000, 0x00000000a9980000, 0x00000000e0000000)
  object space 157184K, 42% used [0x00000000a0000000,0x00000000a41053d0,0x00000000a9980000)
 Metaspace       used 91977K, capacity 97066K, committed 97112K, reserved 1134592K
  class space    used 11598K, capacity 12640K, committed 12672K, reserved 1048576K
Event: 1510.464 GC heap after
Heap after GC invocations=26 (full 3):
 PSYoungGen      total 499200K, used 11210K [0x00000000e0000000, 0x00000000ffe80000, 0x0000000100000000)
  eden space 474624K, 0% used [0x00000000e0000000,0x00000000e0000000,0x00000000fcf80000)
  from space 24576K, 45% used [0x00000000fcf80000,0x00000000fda72b68,0x00000000fe780000)
  to   space 23552K, 0% used [0x00000000fe780000,0x00000000fe780000,0x00000000ffe80000)
 ParOldGen       total 157184K, used 66588K [0x00000000a0000000, 0x00000000a9980000, 0x00000000e0000000)
  object space 157184K, 42% used [0x00000000a0000000,0x00000000a41073d0,0x00000000a9980000)
 Metaspace       used 91977K, capacity 97066K, committed 97112K, reserved 1134592K
  class space    used 11598K, capacity 12640K, committed 12672K, reserved 1048576K
}

